consumers/anland_v2/android_consumer/app/build/intermediates/manifest_merge_blame_file/debug/processDebugMainManifest/manifest-merger-blame-debug-report.txt
1<?xml version="1.0" encoding="utf-8"?>
2<manifest xmlns:android="http://schemas.android.com/apk/res/android"
3    package="com.anland.consumer"
4    android:versionCode="1"
5    android:versionName="1.0" >
6
7    <uses-sdk
8        android:minSdkVersion="30"
9        android:targetSdkVersion="36" />
10
11    <application
11-->src\main\AndroidManifest.xml:5:5-21:19
12        android:debuggable="true"
13        android:extractNativeLibs="false"
14        android:label="Anland"
14-->src\main\AndroidManifest.xml:6:9-31
15        android:theme="@android:style/Theme.NoTitleBar.Fullscreen" >
15-->src\main\AndroidManifest.xml:7:9-67
16        <activity
16-->src\main\AndroidManifest.xml:8:9-20:20
17            android:name="com.anland.consumer.MainActivity"
17-->src\main\AndroidManifest.xml:9:13-41
18            android:configChanges="orientation|screenSize|screenLayout|smallestScreenSize|keyboardHidden"
18-->src\main\AndroidManifest.xml:11:13-106
19            android:exported="true"
19-->src\main\AndroidManifest.xml:10:13-36
20            android:launchMode="singleTask" >
20-->src\main\AndroidManifest.xml:12:13-44
21            <property
21-->src\main\AndroidManifest.xml:13:13-15:40
22                android:name="android.window.PROPERTY_COMPAT_ALLOW_RESTRICTED_RESIZABILITY"
22-->src\main\AndroidManifest.xml:14:17-92
23                android:value="true" />
23-->src\main\AndroidManifest.xml:15:17-37
24
25            <intent-filter>
25-->src\main\AndroidManifest.xml:16:13-19:29
26                <action android:name="android.intent.action.MAIN" />
26-->src\main\AndroidManifest.xml:17:17-68
26-->src\main\AndroidManifest.xml:17:25-66
27
28                <category android:name="android.intent.category.LAUNCHER" />
28-->src\main\AndroidManifest.xml:18:17-76
28-->src\main\AndroidManifest.xml:18:27-74
29            </intent-filter>
30        </activity>
31    </application>
32
33</manifest>